<?xml version="1.0" encoding="UTF-8"?>
<!-- Generated by org.testng.reporters.JUnitReportReporter -->
<testsuite skipped="0" hostname="DESKTOP-73G0TGN" name="para.IncludeExclude" tests="8" failures="0" timestamp="2022-07-28T19:48:42 IST" time="0.103" errors="0">
  <testcase name="login" time="0.011" classname="para.IncludeExclude"/>
  <system-out/>
  <testcase name="admin" time="0.044" classname="para.IncludeExclude"/>
  <system-out/>
  <testcase name="force" time="0.016" classname="para.IncludeExclude"/>
  <system-out/>
  <testcase name="display" time="0.007" classname="para.IncludeExclude"/>
  <system-out/>
  <testcase name="pIM" time="0.005" classname="para.IncludeExclude"/>
  <system-out/>
  <testcase name="signin" time="0.006" classname="para.IncludeExclude"/>
  <system-out/>
  <testcase name="dashboard" time="0.004" classname="para.IncludeExclude"/>
  <system-out/>
  <testcase name="logout" time="0.010" classname="para.IncludeExclude"/>
  <system-out/>
</testsuite> <!-- para.IncludeExclude -->
