<?xml version="1.0" encoding="UTF-8"?>
<!-- Generated by org.testng.reporters.JUnitReportReporter -->
<testsuite skipped="0" hostname="DESKTOP-73G0TGN" name="para.SeleniumDataProvider" tests="3" failures="0" timestamp="2022-08-01T18:16:29 IST" time="74.318" errors="0">
  <testcase name="loginTest" time="24.828" classname="para.SeleniumDataProvider"/>
  <system-out/>
  <testcase name="loginTest" time="30.157" classname="para.SeleniumDataProvider"/>
  <system-out/>
  <testcase name="loginTest" time="19.333" classname="para.SeleniumDataProvider"/>
  <system-out/>
</testsuite> <!-- para.SeleniumDataProvider -->
