<?xml version="1.0" encoding="UTF-8"?>
<!-- Generated by org.testng.reporters.JUnitReportReporter -->
<testsuite skipped="0" hostname="DESKTOP-73G0TGN" name="para.DataProviderClass" tests="3" failures="0" timestamp="2022-08-01T17:43:19 IST" time="0.015" errors="0">
  <testcase name="loginTest" time="0.002" classname="para.DataProviderClass"/>
  <system-out/>
  <testcase name="loginTest" time="0.006" classname="para.DataProviderClass"/>
  <system-out/>
  <testcase name="loginTest" time="0.007" classname="para.DataProviderClass"/>
  <system-out/>
</testsuite> <!-- para.DataProviderClass -->
