<?xml version="1.0" encoding="UTF-8"?>
<!-- Generated by org.testng.reporters.JUnitReportReporter -->
<testsuite skipped="0" hostname="DESKTOP-73G0TGN" name="core.DependsOnMethod" tests="6" failures="0" timestamp="2022-07-24T08:24:14 IST" time="0.085" errors="0">
  <testcase name="thirdmethod" time="0.008" classname="core.DependsOnMethod"/>
  <system-out/>
  <testcase name="fourthmethod" time="0.007" classname="core.DependsOnMethod"/>
  <system-out/>
  <testcase name="secondmethod" time="0.015" classname="core.DependsOnMethod"/>
  <system-out/>
  <testcase name="sixthmethod" time="0.006" classname="core.DependsOnMethod"/>
  <system-out/>
  <testcase name="firstmethod" time="0.039" classname="core.DependsOnMethod"/>
  <system-out/>
  <testcase name="fifthmethod" time="0.010" classname="core.DependsOnMethod"/>
  <system-out/>
</testsuite> <!-- core.DependsOnMethod -->
