<?xml version="1.0" encoding="UTF-8"?>
<!-- Generated by org.testng.reporters.JUnitReportReporter -->
<testsuite skipped="0" hostname="DESKTOP-73G0TGN" name="core.TestNGBefore" tests="2" failures="0" timestamp="2022-07-24T08:29:50 IST" time="96.508" errors="0">
  <testcase name="invalid" time="54.899" classname="core.TestNGBefore"/>
  <system-out/>
  <testcase name="display" time="41.609" classname="core.TestNGBefore"/>
  <system-out/>
</testsuite> <!-- core.TestNGBefore -->
