<?xml version="1.0" encoding="UTF-8"?>
<!-- Generated by org.testng.reporters.JUnitReportReporter -->
<testsuite skipped="0" hostname="DESKTOP-73G0TGN" name="para.ParamatWithXML" tests="1" failures="0" timestamp="2022-07-28T20:19:44 IST" time="37.569" errors="0">
  <testcase name="login" time="37.569" classname="para.ParamatWithXML"/>
  <system-out/>
</testsuite> <!-- para.ParamatWithXML -->
