<?xml version="1.0" encoding="UTF-8"?>
<!-- Generated by org.testng.reporters.JUnitReportReporter -->
<testsuite skipped="0" hostname="DESKTOP-73G0TGN" name="core.Annotations" tests="3" failures="0" timestamp="2022-07-24T07:40:13 IST" time="0.101" errors="0">
  <testcase name="display" time="0.094" classname="core.Annotations"/>
  <system-out/>
  <testcase name="login" time="0.002" classname="core.Annotations"/>
  <system-out/>
  <testcase name="home" time="0.005" classname="core.Annotations"/>
  <system-out/>
</testsuite> <!-- core.Annotations -->
