<?xml version="1.0" encoding="UTF-8"?>
<!-- Generated by org.testng.reporters.JUnitReportReporter -->
<testsuite skipped="0" hostname="DESKTOP-73G0TGN" name="core.PriorityClass" tests="6" failures="0" timestamp="2022-07-28T19:35:40 IST" time="0.098" errors="0">
  <testcase name="fourthmethod" time="0.076" classname="core.PriorityClass"/>
  <system-out/>
  <testcase name="thirdmethod" time="0.003" classname="core.PriorityClass"/>
  <system-out/>
  <testcase name="firstmethod" time="0.002" classname="core.PriorityClass"/>
  <system-out/>
  <testcase name="secondmethod" time="0.008" classname="core.PriorityClass"/>
  <system-out/>
  <testcase name="fifthmethod" time="0.006" classname="core.PriorityClass"/>
  <system-out/>
  <testcase name="sixthmethod" time="0.003" classname="core.PriorityClass"/>
  <system-out/>
</testsuite> <!-- core.PriorityClass -->
