<?xml version="1.0" encoding="UTF-8"?>
<!-- Generated by org.testng.reporters.JUnitReportReporter -->
<testsuite skipped="0" hostname="DESKTOP-73G0TGN" name="core.IncludeExclude" tests="6" failures="0" timestamp="2022-07-24T07:59:41 IST" time="0.147" errors="0">
  <testcase name="fourthmethod" time="0.042" classname="core.IncludeExclude"/>
  <system-out/>
  <testcase name="fifthmethod" time="0.027" classname="core.IncludeExclude"/>
  <system-out/>
  <testcase name="firstmethod" time="0.012" classname="core.IncludeExclude"/>
  <system-out/>
  <testcase name="thirdmethod" time="0.031" classname="core.IncludeExclude"/>
  <system-out/>
  <testcase name="secondmethod" time="0.014" classname="core.IncludeExclude"/>
  <system-out/>
  <testcase name="sixthmethod" time="0.021" classname="core.IncludeExclude"/>
  <system-out/>
</testsuite> <!-- core.IncludeExclude -->
