<?xml version="1.0" encoding="UTF-8"?>
<!-- Generated by org.testng.reporters.JUnitReportReporter -->
<testsuite skipped="0" hostname="DESKTOP-73G0TGN" name="core.TestNGBasic" tests="1" failures="0" timestamp="2022-07-28T19:05:18 IST" time="44.505" errors="0">
  <testcase name="display" time="44.505" classname="core.TestNGBasic"/>
  <system-out/>
</testsuite> <!-- core.TestNGBasic -->
