<?xml version="1.0" encoding="UTF-8"?>
<!-- Generated by org.testng.reporters.JUnitReportReporter -->
<testsuite skipped="0" hostname="DESKTOP-73G0TGN" name="core.TestNGTestAnnotation" tests="2" failures="0" timestamp="2022-07-24T08:41:31 IST" time="63.738" errors="0">
  <testcase name="homePage" time="28.523" classname="core.TestNGTestAnnotation"/>
  <system-out/>
  <testcase name="display" time="35.215" classname="core.TestNGTestAnnotation"/>
  <system-out/>
</testsuite> <!-- core.TestNGTestAnnotation -->
